<?xml version="1.0" encoding="UTF-8"?>
<!-- Generated by org.testng.reporters.JUnitReportReporter -->
<testsuite skipped="0" hostname="DESKTOP-TKTTQ30" name="testNGCode.propertiesdemo" tests="1" failures="0" timestamp="09 Jan 2019 06:20:44 GMT" time="0.012" errors="0">
  <testcase name="f" time="0.012" classname="testNGCode.propertiesdemo"/>
</testsuite> <!-- testNGCode.propertiesdemo -->
