<?xml version="1.0" encoding="UTF-8"?>
<!-- Generated by org.testng.reporters.JUnitReportReporter -->
<testsuite skipped="0" hostname="DESKTOP-TKTTQ30" name="seleniumNew.dummy1Ng" tests="3" failures="0" timestamp="08 Jan 2019 04:58:20 GMT" time="0.159" errors="0">
  <testcase name="verifypagetitle" time="0.012" classname="seleniumNew.dummy1Ng"/>
  <testcase name="verifyjoinnow" time="0.066" classname="seleniumNew.dummy1Ng"/>
  <testcase name="verifylink" time="0.081" classname="seleniumNew.dummy1Ng"/>
</testsuite> <!-- seleniumNew.dummy1Ng -->
