<?xml version="1.0" encoding="UTF-8"?>
<!-- Generated by org.testng.reporters.JUnitReportReporter -->
<testsuite skipped="0" hostname="DESKTOP-TKTTQ30" name="testNGCode.testng2" tests="1" failures="0" timestamp="08 Jan 2019 05:32:09 GMT" time="0.016" errors="0">
  <testcase name="main" time="0.016" classname="testNGCode.testng2"/>
</testsuite> <!-- testNGCode.testng2 -->
