<?xml version="1.0" encoding="UTF-8"?>
<!-- Generated by org.testng.reporters.JUnitReportReporter -->
<testsuite skipped="0" hostname="DESKTOP-TKTTQ30" name="seleniumNew.NewTest" tests="3" failures="0" timestamp="08 Jan 2019 04:58:20 GMT" time="1.286" errors="0">
  <testcase name="verifyjoinnow" time="0.737" classname="seleniumNew.NewTest"/>
  <testcase name="verifylink" time="0.535" classname="seleniumNew.NewTest"/>
  <testcase name="verifypagetitle" time="0.014" classname="seleniumNew.NewTest"/>
</testsuite> <!-- seleniumNew.NewTest -->
