<?xml version="1.0" encoding="UTF-8"?>
<!-- Generated by org.testng.reporters.JUnitReportReporter -->
<testsuite skipped="0" hostname="DESKTOP-TKTTQ30" name="practice2.NewTest" tests="1" failures="0" timestamp="08 Jan 2019 04:58:20 GMT" time="12.044" errors="0">
  <testcase name="verifyfirst" time="12.044" classname="practice2.NewTest"/>
</testsuite> <!-- practice2.NewTest -->
